/app/anaconda3/bin/quast.py --split-scaffolds -t 1 -r ../refgenome.fasta scaffolds.fasta

Version: 5.0.2

System information:
  OS: Linux-3.10.0-1062.7.1.el7.x86_64-x86_64-with-centos-7.9.2009-Core (linux_64)
  Python version: 3.7.6
  CPUs number: 24

Started: 2021-12-05 17:16:20

Logging to /projects/avillicana/Proyecto_final/spades_Psea/quast_results/results_2021_12_05_17_16_20/quast.log

CWD: /projects/avillicana/Proyecto_final/spades_Psea
Main parameters: 
  MODE: default, threads: 1, split scaffolds: true, minimum contig length: 500, minimum alignment length: 65, \
  ambiguity: one, threshold for extensive misassembly size: 1000

Reference:
  /projects/avillicana/Proyecto_final/refgenome.fasta ==> refgenome

Contigs:
  Pre-processing...
  scaffolds.fasta ==> scaffolds
    breaking scaffolds into contigs:
      55 scaffolds (scaffolds) were broken into 64 contigs (scaffolds_broken)

2021-12-05 17:16:23
Running Basic statistics processor...
  Reference genome:
    refgenome.fasta, length = 6264404, num fragments = 1, GC % = 66.56
  Contig files: 
    1  scaffolds
    2  scaffolds_broken
  Calculating N50 and L50...
    1  scaffolds, N50 = 303720, L50 = 7, Total length = 6419571, GC % = 66.39, # N's per 100 kbp =  14.02
    2  scaffolds_broken, N50 = 239845, L50 = 9, Total length = 6418671, GC % = 66.39, # N's per 100 kbp =  0.00
  Drawing Nx plot...
    saved to /projects/avillicana/Proyecto_final/spades_Psea/quast_results/results_2021_12_05_17_16_20/basic_stats/Nx_plot.pdf
  Drawing NGx plot...
    saved to /projects/avillicana/Proyecto_final/spades_Psea/quast_results/results_2021_12_05_17_16_20/basic_stats/NGx_plot.pdf
  Drawing cumulative plot...
    saved to /projects/avillicana/Proyecto_final/spades_Psea/quast_results/results_2021_12_05_17_16_20/basic_stats/cumulative_plot.pdf
  Drawing GC content plot...
    saved to /projects/avillicana/Proyecto_final/spades_Psea/quast_results/results_2021_12_05_17_16_20/basic_stats/GC_content_plot.pdf
  Drawing scaffolds GC content plot...
    saved to /projects/avillicana/Proyecto_final/spades_Psea/quast_results/results_2021_12_05_17_16_20/basic_stats/scaffolds_GC_content_plot.pdf
  Drawing scaffolds_broken GC content plot...
    saved to /projects/avillicana/Proyecto_final/spades_Psea/quast_results/results_2021_12_05_17_16_20/basic_stats/scaffolds_broken_GC_content_plot.pdf
  Drawing Coverage histogram (bin size: 2x)...
    saved to /projects/avillicana/Proyecto_final/spades_Psea/quast_results/results_2021_12_05_17_16_20/basic_stats/coverage_histogram.pdf
  Drawing scaffolds coverage histogram (bin size: 2x)...
    saved to /projects/avillicana/Proyecto_final/spades_Psea/quast_results/results_2021_12_05_17_16_20/basic_stats/scaffolds_coverage_histogram.pdf
  Drawing scaffolds_broken coverage histogram (bin size: 2x)...
    saved to /projects/avillicana/Proyecto_final/spades_Psea/quast_results/results_2021_12_05_17_16_20/basic_stats/scaffolds_broken_coverage_histogram.pdf
Done.

2021-12-05 17:16:28
Running Contig analyzer...
  1  scaffolds
  1  Logging to files /projects/avillicana/Proyecto_final/spades_Psea/quast_results/results_2021_12_05_17_16_20/contigs_reports/contigs_report_scaffolds.stdout and contigs_report_scaffolds.stderr...
  1  Aligning contigs to the reference
  1  /app/anaconda3/bin/minimap2 -c -x asm5 -B5 -O4,16 --no-long-join -r 85 -N 50 \
     -s 65 -z 200 --mask-level 0.9 --min-occ 200 -g 2500 --score-N 2 --cs -t 1 quast_results/results_2021_12_05_17_16_20/quast_corrected_input/refgenome.fasta \
     quast_results/results_2021_12_05_17_16_20/quast_corrected_input/scaffolds.fasta \
     > quast_results/results_2021_12_05_17_16_20/contigs_reports/minimap_output/scaffolds.coords_tmp \
     2>> quast_results/results_2021_12_05_17_16_20/contigs_reports/contigs_report_scaffolds.stderr
  1  Analysis is finished.

  2  scaffolds_broken
  2  Logging to files /projects/avillicana/Proyecto_final/spades_Psea/quast_results/results_2021_12_05_17_16_20/contigs_reports/contigs_report_scaffolds_broken.stdout and contigs_report_scaffolds_broken.stderr...
  2  Aligning contigs to the reference
  2  /app/anaconda3/bin/minimap2 -c -x asm5 -B5 -O4,16 --no-long-join -r 85 -N 50 \
     -s 65 -z 200 --mask-level 0.9 --min-occ 200 -g 2500 --score-N 2 --cs -t 1 quast_results/results_2021_12_05_17_16_20/quast_corrected_input/refgenome.fasta \
     quast_results/results_2021_12_05_17_16_20/quast_corrected_input/scaffolds_broken.fasta \
     > quast_results/results_2021_12_05_17_16_20/contigs_reports/minimap_output/scaffolds_broken.coords_tmp \
     2>> quast_results/results_2021_12_05_17_16_20/contigs_reports/contigs_report_scaffolds_broken.stderr
  2  Analysis is finished.

  Creating total report...
    saved to /projects/avillicana/Proyecto_final/spades_Psea/quast_results/results_2021_12_05_17_16_20/contigs_reports/misassemblies_report.txt, misassemblies_report.tsv, and misassemblies_report.tex
  Transposed version of total report...
    saved to /projects/avillicana/Proyecto_final/spades_Psea/quast_results/results_2021_12_05_17_16_20/contigs_reports/transposed_report_misassemblies.txt, transposed_report_misassemblies.tsv, and transposed_report_misassemblies.tex
  Creating total report...
    saved to /projects/avillicana/Proyecto_final/spades_Psea/quast_results/results_2021_12_05_17_16_20/contigs_reports/unaligned_report.txt, unaligned_report.tsv, and unaligned_report.tex
  Drawing misassemblies by types plot...
    saved to /projects/avillicana/Proyecto_final/spades_Psea/quast_results/results_2021_12_05_17_16_20/contigs_reports/misassemblies_plot.pdf
  Drawing misassemblies FRCurve plot...
    saved to /projects/avillicana/Proyecto_final/spades_Psea/quast_results/results_2021_12_05_17_16_20/contigs_reports/misassemblies_frcurve_plot.pdf
Done.

2021-12-05 17:16:37
Running NA-NGA calculation...
  1  scaffolds, Largest alignment = 389953, NA50 = 125560, NGA50 = 137692, LA50 = 17, LGA50 = 16
  2  scaffolds_broken, Largest alignment = 389622, NA50 = 106343, NGA50 = 107066, LA50 = 19, LGA50 = 18
  Drawing cumulative plot...
    saved to /projects/avillicana/Proyecto_final/spades_Psea/quast_results/results_2021_12_05_17_16_20/aligned_stats/cumulative_plot.pdf
  Drawing NAx plot...
    saved to /projects/avillicana/Proyecto_final/spades_Psea/quast_results/results_2021_12_05_17_16_20/aligned_stats/NAx_plot.pdf
  Drawing NGAx plot...
    saved to /projects/avillicana/Proyecto_final/spades_Psea/quast_results/results_2021_12_05_17_16_20/aligned_stats/NGAx_plot.pdf
Done.

2021-12-05 17:16:38
Running Genome analyzer...
  NOTICE: No file with genomic features were provided. Use the --features option if you want to specify it.

  NOTICE: No file with operons were provided. Use the -O option if you want to specify it.
  1  scaffolds
  1  Analysis is finished.
  2  scaffolds_broken
  2  Analysis is finished.
  Drawing Genome fraction, % histogram...
    saved to /projects/avillicana/Proyecto_final/spades_Psea/quast_results/results_2021_12_05_17_16_20/genome_stats/genome_fraction_histogram.pdf
Done.

NOTICE: Genes are not predicted by default. Use --gene-finding or --glimmer option to enable it.

2021-12-05 17:16:43
Creating large visual summaries...
This may take a while: press Ctrl-C to skip this step..
  1 of 2: Creating Icarus viewers...
  2 of 2: Creating PDF with all tables and plots...
Done

2021-12-05 17:16:46
RESULTS:
  Text versions of total report are saved to /projects/avillicana/Proyecto_final/spades_Psea/quast_results/results_2021_12_05_17_16_20/report.txt, report.tsv, and report.tex
  Text versions of transposed total report are saved to /projects/avillicana/Proyecto_final/spades_Psea/quast_results/results_2021_12_05_17_16_20/transposed_report.txt, transposed_report.tsv, and transposed_report.tex
  HTML version (interactive tables and plots) is saved to /projects/avillicana/Proyecto_final/spades_Psea/quast_results/results_2021_12_05_17_16_20/report.html
  PDF version (tables and plots) is saved to /projects/avillicana/Proyecto_final/spades_Psea/quast_results/results_2021_12_05_17_16_20/report.pdf
  Icarus (contig browser) is saved to /projects/avillicana/Proyecto_final/spades_Psea/quast_results/results_2021_12_05_17_16_20/icarus.html
  Log is saved to /projects/avillicana/Proyecto_final/spades_Psea/quast_results/results_2021_12_05_17_16_20/quast.log

Finished: 2021-12-05 17:16:46
Elapsed time: 0:00:26.617730
NOTICEs: 3; WARNINGs: 0; non-fatal ERRORs: 0

Thank you for using QUAST!
