This is pdfTeX, Version 3.141592653-2.6-1.40.23 (MiKTeX 21.8) (preloaded format=pdflatex 2021.12.3)  6 DEC 2021 18:32
entering extended mode
**./bare_jrnl.tex
(bare_jrnl.tex
LaTeX2e <2021-06-01> patch level 1
L3 programming layer <2021-08-27>
(C:\Users\alexc\AppData\Local\Programs\MiKTeX\tex/latex/ieeetran\IEEEtran.cls
Document Class: IEEEtran 2015/08/26 V1.8b by Michael Shell
-- See the "IEEEtran_HOWTO" manual for usage information.
-- http://www.michaelshell.org/tex/ieeetran/
\@IEEEtrantmpdimenA=\dimen138
\@IEEEtrantmpdimenB=\dimen139
\@IEEEtrantmpdimenC=\dimen140
\@IEEEtrantmpcountA=\count182
\@IEEEtrantmpcountB=\count183
\@IEEEtrantmpcountC=\count184
\@IEEEtrantmptoksA=\toks16
LaTeX Font Info:    Trying to load font information for OT1+ptm on input line 5
03.
(C:\Users\alexc\AppData\Local\Programs\MiKTeX\tex/latex/psnfss\ot1ptm.fd
File: ot1ptm.fd 2001/06/04 font definitions for OT1/ptm.
)
-- Using 8.5in x 11in (letter) paper.
-- Using PDF output.
\@IEEEnormalsizeunitybaselineskip=\dimen141
-- This is an 11 point document.
\CLASSINFOnormalsizebaselineskip=\dimen142
\CLASSINFOnormalsizeunitybaselineskip=\dimen143
\IEEEnormaljot=\dimen144
LaTeX Font Info:    Font shape `OT1/ptm/bx/n' in size <6> not available
(Font)              Font shape `OT1/ptm/b/n' tried instead on input line 1090.
LaTeX Font Info:    Font shape `OT1/ptm/bx/it' in size <6> not available
(Font)              Font shape `OT1/ptm/b/it' tried instead on input line 1090.

LaTeX Font Info:    Font shape `OT1/ptm/bx/n' in size <8> not available
(Font)              Font shape `OT1/ptm/b/n' tried instead on input line 1090.
LaTeX Font Info:    Font shape `OT1/ptm/bx/it' in size <8> not available
(Font)              Font shape `OT1/ptm/b/it' tried instead on input line 1090.

LaTeX Font Info:    Font shape `OT1/ptm/bx/n' in size <9> not available
(Font)              Font shape `OT1/ptm/b/n' tried instead on input line 1090.
LaTeX Font Info:    Font shape `OT1/ptm/bx/it' in size <9> not available
(Font)              Font shape `OT1/ptm/b/it' tried instead on input line 1090.

LaTeX Font Info:    Font shape `OT1/ptm/bx/n' in size <10> not available
(Font)              Font shape `OT1/ptm/b/n' tried instead on input line 1090.
LaTeX Font Info:    Font shape `OT1/ptm/bx/it' in size <10> not available
(Font)              Font shape `OT1/ptm/b/it' tried instead on input line 1090.

LaTeX Font Info:    Font shape `OT1/ptm/bx/n' in size <11> not available
(Font)              Font shape `OT1/ptm/b/n' tried instead on input line 1090.
LaTeX Font Info:    Font shape `OT1/ptm/bx/it' in size <11> not available
(Font)              Font shape `OT1/ptm/b/it' tried instead on input line 1090.

LaTeX Font Info:    Font shape `OT1/ptm/bx/n' in size <12> not available
(Font)              Font shape `OT1/ptm/b/n' tried instead on input line 1090.
LaTeX Font Info:    Font shape `OT1/ptm/bx/it' in size <12> not available
(Font)              Font shape `OT1/ptm/b/it' tried instead on input line 1090.

LaTeX Font Info:    Font shape `OT1/ptm/bx/n' in size <17> not available
(Font)              Font shape `OT1/ptm/b/n' tried instead on input line 1090.
LaTeX Font Info:    Font shape `OT1/ptm/bx/it' in size <17> not available
(Font)              Font shape `OT1/ptm/b/it' tried instead on input line 1090.

LaTeX Font Info:    Font shape `OT1/ptm/bx/n' in size <20> not available
(Font)              Font shape `OT1/ptm/b/n' tried instead on input line 1090.
LaTeX Font Info:    Font shape `OT1/ptm/bx/it' in size <20> not available
(Font)              Font shape `OT1/ptm/b/it' tried instead on input line 1090.

LaTeX Font Info:    Font shape `OT1/ptm/bx/n' in size <24> not available
(Font)              Font shape `OT1/ptm/b/n' tried instead on input line 1090.
LaTeX Font Info:    Font shape `OT1/ptm/bx/it' in size <24> not available
(Font)              Font shape `OT1/ptm/b/it' tried instead on input line 1090.

\IEEEquantizedlength=\dimen145
\IEEEquantizedlengthdiff=\dimen146
\IEEEquantizedtextheightdiff=\dimen147
\IEEEilabelindentA=\dimen148
\IEEEilabelindentB=\dimen149
\IEEEilabelindent=\dimen150
\IEEEelabelindent=\dimen151
\IEEEdlabelindent=\dimen152
\IEEElabelindent=\dimen153
\IEEEiednormlabelsep=\dimen154
\IEEEiedmathlabelsep=\dimen155
\IEEEiedtopsep=\skip47
\c@section=\count185
\c@subsection=\count186
\c@subsubsection=\count187
\c@paragraph=\count188
\c@IEEEsubequation=\count189
\abovecaptionskip=\skip48
\belowcaptionskip=\skip49
\c@figure=\count190
\c@table=\count191
\@IEEEeqnnumcols=\count192
\@IEEEeqncolcnt=\count193
\@IEEEsubeqnnumrollback=\count194
\@IEEEquantizeheightA=\dimen156
\@IEEEquantizeheightB=\dimen157
\@IEEEquantizeheightC=\dimen158
\@IEEEquantizeprevdepth=\dimen159
\@IEEEquantizemultiple=\count195
\@IEEEquantizeboxA=\box50
\@IEEEtmpitemindent=\dimen160
\IEEEPARstartletwidth=\dimen161
\c@IEEEbiography=\count196
\@IEEEtranrubishbin=\box51
) (C:\Users\alexc\AppData\Local\Programs\MiKTeX\tex/latex/base\inputenc.sty
Package: inputenc 2021/02/14 v1.3d Input encoding file
\inpenc@prehook=\toks17
\inpenc@posthook=\toks18
)
(C:\Users\alexc\AppData\Local\Programs\MiKTeX\tex/generic/babel\babel.sty
Package: babel 2021/07/22 3.63 The Babel package

(C:\Users\alexc\AppData\Local\Programs\MiKTeX\tex/generic/babel\babel.def
File: babel.def 2021/07/22 3.63 Babel common definitions
\babel@savecnt=\count197
\U@D=\dimen162
\l@unhyphenated=\language79

(C:\Users\alexc\AppData\Local\Programs\MiKTeX\tex/generic/babel\txtbabel.def)
\bbl@readstream=\read2
)
\bbl@dirlevel=\count198

*************************************
* Local config file bblopts.cfg used
*
(C:\Users\alexc\AppData\Local\Programs\MiKTeX\tex/latex/arabi\bblopts.cfg
File: bblopts.cfg 2005/09/08 v0.1 add Arabic and Farsi to "declared" options of
 babel
)
(C:\Users\alexc\AppData\Local\Programs\MiKTeX\tex/latex/babel-spanish\spanish.l
df
Language: spanish.ldf 2021/05/27 v5.0q Spanish support from the babel system
\es@quottoks=\toks19
\es@quotdepth=\count199
Package babel Info: Making " an active character on input line 570.
Package babel Info: Making . an active character on input line 675.
Package babel Info: Making < an active character on input line 722.
Package babel Info: Making > an active character on input line 722.
))
(C:\Users\alexc\AppData\Local\Programs\MiKTeX\tex/latex/amsmath\amsmath.sty
Package: amsmath 2021/04/20 v2.17j AMS math features
\@mathmargin=\skip50

For additional information on amsmath, use the `?' option.
(C:\Users\alexc\AppData\Local\Programs\MiKTeX\tex/latex/amsmath\amstext.sty
Package: amstext 2000/06/29 v2.01 AMS text

(C:\Users\alexc\AppData\Local\Programs\MiKTeX\tex/latex/amsmath\amsgen.sty
File: amsgen.sty 1999/11/30 v2.0 generic functions
\@emptytoks=\toks20
\ex@=\dimen163
))
(C:\Users\alexc\AppData\Local\Programs\MiKTeX\tex/latex/amsmath\amsbsy.sty
Package: amsbsy 1999/11/29 v1.2d Bold Symbols
\pmbraise@=\dimen164
)
(C:\Users\alexc\AppData\Local\Programs\MiKTeX\tex/latex/amsmath\amsopn.sty
Package: amsopn 2016/03/08 v2.02 operator names
)
\inf@bad=\count266
LaTeX Info: Redefining \frac on input line 234.
\uproot@=\count267
\leftroot@=\count268
LaTeX Info: Redefining \overline on input line 399.
\classnum@=\count269
\DOTSCASE@=\count270
LaTeX Info: Redefining \ldots on input line 496.
LaTeX Info: Redefining \dots on input line 499.
LaTeX Info: Redefining \cdots on input line 620.
\Mathstrutbox@=\box52
\strutbox@=\box53
\big@size=\dimen165
LaTeX Font Info:    Redeclaring font encoding OML on input line 743.
LaTeX Font Info:    Redeclaring font encoding OMS on input line 744.
\macc@depth=\count271
\c@MaxMatrixCols=\count272
\dotsspace@=\muskip16
\c@parentequation=\count273
\dspbrk@lvl=\count274
\tag@help=\toks21
\row@=\count275
\column@=\count276
\maxfields@=\count277
\andhelp@=\toks22
\eqnshift@=\dimen166
\alignsep@=\dimen167
\tagshift@=\dimen168
\tagwidth@=\dimen169
\totwidth@=\dimen170
\lineht@=\dimen171
\@envbody=\toks23
\multlinegap=\skip51
\multlinetaggap=\skip52
\mathdisplay@stack=\toks24
LaTeX Info: Redefining \[ on input line 2923.
LaTeX Info: Redefining \] on input line 2924.
)
(C:\Users\alexc\AppData\Local\Programs\MiKTeX\tex/latex/amsfonts\amsfonts.sty
Package: amsfonts 2013/01/14 v3.01 Basic AMSFonts support
\symAMSa=\mathgroup4
\symAMSb=\mathgroup5
LaTeX Font Info:    Redeclaring math symbol \hbar on input line 98.
LaTeX Font Info:    Overwriting math alphabet `\mathfrak' in version `bold'
(Font)                  U/euf/m/n --> U/euf/b/n on input line 106.
)
(C:\Users\alexc\AppData\Local\Programs\MiKTeX\tex/latex/amsfonts\amssymb.sty
Package: amssymb 2013/01/14 v3.01 AMS font symbols
)
(C:\Users\alexc\AppData\Local\Programs\MiKTeX\tex/latex/base\makeidx.sty
Package: makeidx 2014/09/29 v1.0m Standard LaTeX package
)
(C:\Users\alexc\AppData\Local\Programs\MiKTeX\tex/latex/graphics\graphicx.sty
Package: graphicx 2020/12/05 v1.2c Enhanced LaTeX Graphics (DPC,SPQR)

(C:\Users\alexc\AppData\Local\Programs\MiKTeX\tex/latex/graphics\keyval.sty
Package: keyval 2014/10/28 v1.15 key=value parser (DPC)
\KV@toks@=\toks25
)
(C:\Users\alexc\AppData\Local\Programs\MiKTeX\tex/latex/graphics\graphics.sty
Package: graphics 2021/03/04 v1.4d Standard LaTeX Graphics (DPC,SPQR)

(C:\Users\alexc\AppData\Local\Programs\MiKTeX\tex/latex/graphics\trig.sty
Package: trig 2016/01/03 v1.10 sin cos tan (DPC)
)
(C:\Users\alexc\AppData\Local\Programs\MiKTeX\tex/latex/graphics-cfg\graphics.c
fg
File: graphics.cfg 2016/06/04 v1.11 sample graphics configuration
)
Package graphics Info: Driver file: pdftex.def on input line 107.

(C:\Users\alexc\AppData\Local\Programs\MiKTeX\tex/latex/graphics-def\pdftex.def
File: pdftex.def 2020/10/05 v1.2a Graphics/color driver for pdftex
))
\Gin@req@height=\dimen172
\Gin@req@width=\dimen173
)
(C:\Users\alexc\AppData\Local\Programs\MiKTeX\tex/latex/listings\listings.sty
\lst@mode=\count278
\lst@gtempboxa=\box54
\lst@token=\toks26
\lst@length=\count279
\lst@currlwidth=\dimen174
\lst@column=\count280
\lst@pos=\count281
\lst@lostspace=\dimen175
\lst@width=\dimen176
\lst@newlines=\count282
\lst@lineno=\count283
\lst@maxwidth=\dimen177

(C:\Users\alexc\AppData\Local\Programs\MiKTeX\tex/latex/listings\lstmisc.sty
File: lstmisc.sty 2020/03/24 1.8d (Carsten Heinz)
\c@lstnumber=\count284
\lst@skipnumbers=\count285
\lst@framebox=\box55
)
(C:\Users\alexc\AppData\Local\Programs\MiKTeX\tex/latex/listings\listings.cfg
File: listings.cfg 2020/03/24 1.8d listings configuration
))
Package: listings 2020/03/24 1.8d (Carsten Heinz)
(C:\Users\alexc\AppData\Local\Programs\MiKTeX\tex/latex/hyperref\hyperref.sty
Package: hyperref 2021-06-07 v7.00m Hypertext links for LaTeX

(C:\Users\alexc\AppData\Local\Programs\MiKTeX\tex/generic/ltxcmds\ltxcmds.sty
Package: ltxcmds 2020-05-10 v1.25 LaTeX kernel commands for general use (HO)
)
(C:\Users\alexc\AppData\Local\Programs\MiKTeX\tex/generic/iftex\iftex.sty
Package: iftex 2020/03/06 v1.0d TeX engine tests
)
(C:\Users\alexc\AppData\Local\Programs\MiKTeX\tex/generic/pdftexcmds\pdftexcmds
.sty
Package: pdftexcmds 2020-06-27 v0.33 Utility functions of pdfTeX for LuaTeX (HO
)

(C:\Users\alexc\AppData\Local\Programs\MiKTeX\tex/generic/infwarerr\infwarerr.s
ty
Package: infwarerr 2019/12/03 v1.5 Providing info/warning/error messages (HO)
)
Package pdftexcmds Info: \pdf@primitive is available.
Package pdftexcmds Info: \pdf@ifprimitive is available.
Package pdftexcmds Info: \pdfdraftmode found.
)
(C:\Users\alexc\AppData\Local\Programs\MiKTeX\tex/generic/kvsetkeys\kvsetkeys.s
ty
Package: kvsetkeys 2019/12/15 v1.18 Key value parser (HO)
)
(C:\Users\alexc\AppData\Local\Programs\MiKTeX\tex/generic/kvdefinekeys\kvdefine
keys.sty
Package: kvdefinekeys 2019-12-19 v1.6 Define keys (HO)
)
(C:\Users\alexc\AppData\Local\Programs\MiKTeX\tex/generic/pdfescape\pdfescape.s
ty
Package: pdfescape 2019/12/09 v1.15 Implements pdfTeX's escape features (HO)
) (C:\Users\alexc\AppData\Local\Programs\MiKTeX\tex/latex/hycolor\hycolor.sty
Package: hycolor 2020-01-27 v1.10 Color options for hyperref/bookmark (HO)
)
(C:\Users\alexc\AppData\Local\Programs\MiKTeX\tex/latex/letltxmacro\letltxmacro
.sty
Package: letltxmacro 2019/12/03 v1.6 Let assignment for LaTeX macros (HO)
)
(C:\Users\alexc\AppData\Local\Programs\MiKTeX\tex/latex/auxhook\auxhook.sty
Package: auxhook 2019-12-17 v1.6 Hooks for auxiliary files (HO)
)
(C:\Users\alexc\AppData\Local\Programs\MiKTeX\tex/latex/kvoptions\kvoptions.sty
Package: kvoptions 2020-10-07 v3.14 Key value format for package options (HO)
)
\@linkdim=\dimen178
\Hy@linkcounter=\count286
\Hy@pagecounter=\count287
 (C:\Users\alexc\AppData\Local\Programs\MiKTeX\tex/latex/hyperref\pd1enc.def
File: pd1enc.def 2021-06-07 v7.00m Hyperref: PDFDocEncoding definition (HO)
Now handling font encoding PD1 ...
... no UTF-8 mapping file for font encoding PD1
)
(C:\Users\alexc\AppData\Local\Programs\MiKTeX\tex/latex/hyperref\hyperref-langp
atches.def
File: hyperref-langpatches.def 2021-06-07 v7.00m Hyperref: patches for babel la
nguages
)
(C:\Users\alexc\AppData\Local\Programs\MiKTeX\tex/generic/intcalc\intcalc.sty
Package: intcalc 2019/12/15 v1.3 Expandable calculations with integers (HO)
)
(C:\Users\alexc\AppData\Local\Programs\MiKTeX\tex/generic/etexcmds\etexcmds.sty
Package: etexcmds 2019/12/15 v1.7 Avoid name clashes with e-TeX commands (HO)
)
\Hy@SavedSpaceFactor=\count288
 (C:\Users\alexc\AppData\Local\Programs\MiKTeX\tex/latex/hyperref\puenc.def
File: puenc.def 2021-06-07 v7.00m Hyperref: PDF Unicode definition (HO)
Now handling font encoding PU ...
... no UTF-8 mapping file for font encoding PU
)
Package hyperref Info: Hyper figures OFF on input line 4192.
Package hyperref Info: Link nesting OFF on input line 4197.
Package hyperref Info: Hyper index ON on input line 4200.
Package hyperref Info: Plain pages OFF on input line 4207.
Package hyperref Info: Backreferencing OFF on input line 4212.
Package hyperref Info: Implicit mode ON; LaTeX internals redefined.
Package hyperref Info: Bookmarks ON on input line 4445.
\c@Hy@tempcnt=\count289

(C:\Users\alexc\AppData\Local\Programs\MiKTeX\tex/latex/url\url.sty
\Urlmuskip=\muskip17
Package: url 2013/09/16  ver 3.4  Verb mode for urls, etc.
)
LaTeX Info: Redefining \url on input line 4804.
\XeTeXLinkMargin=\dimen179

(C:\Users\alexc\AppData\Local\Programs\MiKTeX\tex/generic/bitset\bitset.sty
Package: bitset 2019/12/09 v1.3 Handle bit-vector datatype (HO)

(C:\Users\alexc\AppData\Local\Programs\MiKTeX\tex/generic/bigintcalc\bigintcalc
.sty
Package: bigintcalc 2019/12/15 v1.5 Expandable calculations on big integers (HO
)
))
\Fld@menulength=\count290
\Field@Width=\dimen180
\Fld@charsize=\dimen181
Package hyperref Info: Hyper figures OFF on input line 6076.
Package hyperref Info: Link nesting OFF on input line 6081.
Package hyperref Info: Hyper index ON on input line 6084.
Package hyperref Info: backreferencing OFF on input line 6091.
Package hyperref Info: Link coloring OFF on input line 6096.
Package hyperref Info: Link coloring with OCG OFF on input line 6101.
Package hyperref Info: PDF/A mode OFF on input line 6106.
LaTeX Info: Redefining \ref on input line 6146.
LaTeX Info: Redefining \pageref on input line 6150.

(C:\Users\alexc\AppData\Local\Programs\MiKTeX\tex/latex/base\atbegshi-ltx.sty
Package: atbegshi-ltx 2021/01/10 v1.0c Emulation of the original atbegshi
package with kernel methods
)
\Hy@abspage=\count291
\c@Item=\count292
\c@Hfootnote=\count293
)
Package hyperref Info: Driver (autodetected): hpdftex.
(C:\Users\alexc\AppData\Local\Programs\MiKTeX\tex/latex/hyperref\hpdftex.def
File: hpdftex.def 2021-06-07 v7.00m Hyperref driver for pdfTeX

(C:\Users\alexc\AppData\Local\Programs\MiKTeX\tex/latex/base\atveryend-ltx.sty
Package: atveryend-ltx 2020/08/19 v1.0a Emulation of the original atvery packag
e
with kernel methods
)
\Fld@listcount=\count294
\c@bookmark@seq@number=\count295

(C:\Users\alexc\AppData\Local\Programs\MiKTeX\tex/latex/rerunfilecheck\rerunfil
echeck.sty
Package: rerunfilecheck 2019/12/05 v1.9 Rerun checks for auxiliary files (HO)

(C:\Users\alexc\AppData\Local\Programs\MiKTeX\tex/generic/uniquecounter\uniquec
ounter.sty
Package: uniquecounter 2019/12/15 v1.4 Provide unlimited unique counter (HO)
)
Package uniquecounter Info: New unique counter `rerunfilecheck' on input line 2
86.
)
\Hy@SectionHShift=\skip53
)
(C:\Users\alexc\AppData\Local\Programs\MiKTeX\tex/latex/float\float.sty
Package: float 2001/11/08 v1.3d Float enhancements (AL)
\c@float@type=\count296
\float@exts=\toks27
\float@box=\box56
\@float@everytoks=\toks28
\@floatcapt=\box57
)
(C:\Users\alexc\AppData\Local\Programs\MiKTeX\tex/latex/l3backend\l3backend-pdf
tex.def
File: l3backend-pdftex.def 2021-08-04 L3 backend support: PDF output (pdfTeX)
\l__color_backend_stack_int=\count297
\l__pdf_internal_box=\box58
) (C:\Users\alexc\Desktop\ProyectoBioinfo\LaTeX\build\bare_jrnl.aux
LaTeX Info: Redefining \. on input line 25.
LaTeX Info: Redefining \% on input line 25.


LaTeX Warning: Label `IEEEhowto:kopka' multiply defined.


LaTeX Warning: Label `IEEEhowto:kopka' multiply defined.


LaTeX Warning: Label `IEEEhowto:kopka' multiply defined.


LaTeX Warning: Label `IEEEhowto:kopka' multiply defined.


LaTeX Warning: Label `IEEEhowto:kopka' multiply defined.


LaTeX Warning: Label `IEEEhowto:kopka' multiply defined.

)
\openout1 = `bare_jrnl.aux'.

LaTeX Font Info:    Checking defaults for OML/cmm/m/it on input line 13.
LaTeX Font Info:    ... okay on input line 13.
LaTeX Font Info:    Checking defaults for OMS/cmsy/m/n on input line 13.
LaTeX Font Info:    ... okay on input line 13.
LaTeX Font Info:    Checking defaults for OT1/cmr/m/n on input line 13.
LaTeX Font Info:    ... okay on input line 13.
LaTeX Font Info:    Checking defaults for T1/cmr/m/n on input line 13.
LaTeX Font Info:    ... okay on input line 13.
LaTeX Font Info:    Checking defaults for TS1/cmr/m/n on input line 13.
LaTeX Font Info:    ... okay on input line 13.
LaTeX Font Info:    Checking defaults for OMX/cmex/m/n on input line 13.
LaTeX Font Info:    ... okay on input line 13.
LaTeX Font Info:    Checking defaults for U/cmr/m/n on input line 13.
LaTeX Font Info:    ... okay on input line 13.
LaTeX Font Info:    Checking defaults for PD1/pdf/m/n on input line 13.
LaTeX Font Info:    ... okay on input line 13.
LaTeX Font Info:    Checking defaults for PU/pdf/m/n on input line 13.
LaTeX Font Info:    ... okay on input line 13.

-- Lines per column: 52 (exact).
LaTeX Info: Redefining \. on input line 13.
LaTeX Info: Redefining \% on input line 13.

(C:\Users\alexc\AppData\Local\Programs\MiKTeX\tex/context/base/mkii\supp-pdf.mk
ii
[Loading MPS to PDF converter (version 2006.09.02).]
\scratchcounter=\count298
\scratchdimen=\dimen182
\scratchbox=\box59
\nofMPsegments=\count299
\nofMParguments=\count300
\everyMPshowfont=\toks29
\MPscratchCnt=\count301
\MPscratchDim=\dimen183
\MPnumerator=\count302
\makeMPintoPDFobject=\count303
\everyMPtoPDFconversion=\toks30
)
(C:\Users\alexc\AppData\Local\Programs\MiKTeX\tex/latex/epstopdf-pkg\epstopdf-b
ase.sty
Package: epstopdf-base 2020-01-24 v2.11 Base part for package epstopdf
Package epstopdf-base Info: Redefining graphics rule for `.eps' on input line 4
85.

(C:\Users\alexc\AppData\Local\Programs\MiKTeX\tex/latex/00miktex\epstopdf-sys.c
fg
File: epstopdf-sys.cfg 2021/03/18 v2.0 Configuration of epstopdf for MiKTeX
))
\c@lstlisting=\count304
Package hyperref Info: Link coloring OFF on input line 13.

(C:\Users\alexc\AppData\Local\Programs\MiKTeX\tex/latex/hyperref\nameref.sty
Package: nameref 2021-04-02 v2.47 Cross-referencing by name of section

(C:\Users\alexc\AppData\Local\Programs\MiKTeX\tex/latex/refcount\refcount.sty
Package: refcount 2019/12/15 v3.6 Data extraction from label references (HO)
)
(C:\Users\alexc\AppData\Local\Programs\MiKTeX\tex/generic/gettitlestring\gettit
lestring.sty
Package: gettitlestring 2019/12/15 v1.6 Cleanup title references (HO)
)
\c@section@level=\count305
)
LaTeX Info: Redefining \ref on input line 13.
LaTeX Info: Redefining \pageref on input line 13.
LaTeX Info: Redefining \nameref on input line 13.

(C:\Users\alexc\Desktop\ProyectoBioinfo\LaTeX\build\bare_jrnl.out)
(C:\Users\alexc\Desktop\ProyectoBioinfo\LaTeX\build\bare_jrnl.out)
\@outlinefile=\write3
\openout3 = `bare_jrnl.out'.

LaTeX Font Info:    Trying to load font information for U+msa on input line 25.


(C:\Users\alexc\AppData\Local\Programs\MiKTeX\tex/latex/amsfonts\umsa.fd
File: umsa.fd 2013/01/14 v3.01 AMS symbols A
)
LaTeX Font Info:    Trying to load font information for U+msb on input line 25.


(C:\Users\alexc\AppData\Local\Programs\MiKTeX\tex/latex/amsfonts\umsb.fd
File: umsb.fd 2013/01/14 v3.01 AMS symbols B
)
Underfull \hbox (badness 10000) in paragraph at lines 64--65

 []

[1{C:/Users/alexc/AppData/Local/MiKTeX/pdftex/config/pdftex.map}


]

Package hyperref Warning: Difference (2) between bookmark levels is greater 
(hyperref)                than one, level fixed on input line 67.

LaTeX Font Info:    Calculating math sizes for size <11> on input line 67.

Underfull \hbox (badness 10000) in paragraph at lines 67--68
\OT1/ptm/m/n/11 ncbi . nlm . nih . gov / Traces / sra / sra . cgi ? view = tool
kit[]doc$[]
 []

LaTeX Font Info:    Trying to load font information for TS1+ptm on input line 7
1.
(C:\Users\alexc\AppData\Local\Programs\MiKTeX\tex/latex/psnfss\ts1ptm.fd
File: ts1ptm.fd 2001/06/04 font definitions for TS1/ptm.
)
Underfull \hbox (badness 10000) in paragraph at lines 74--76
[]\OT1/ptm/m/n/11 La op-ci[]on --split-3 nos sir-ve pa-ra ba-jar
 []


Underfull \hbox (badness 10000) in paragraph at lines 74--76
\OT1/ptm/m/n/11 se-cuen-cias pa-rea-das, co-mo es en el ca-so de
 []


Underfull \hbox (badness 10000) in paragraph at lines 74--76
[]\OT1/ptm/m/n/11 esta. Con es-te co-man-do se ob-tu-vie-ron los
 []


Underfull \hbox (badness 10000) in paragraph at lines 74--76
\OT1/ptm/m/n/11 ar-chi-vos SRR17084738[]1 y SRR17084738[]2
 []


Underfull \hbox (badness 10000) in paragraph at lines 74--76
\OT1/ptm/m/n/11 de la se-cuen-cia pa-rea-da de \OT1/ptm/m/it/11 P. ae-ru-gi-no-
sa
 []


Underfull \hbox (badness 10000) in paragraph at lines 74--76

 []


Underfull \hbox (badness 10000) in paragraph at lines 84--86
[]\OT1/ptm/m/n/11 Obteniendo co-mo re-sul-ta-do los re-por-tes html
 []


Underfull \hbox (badness 4479) in paragraph at lines 84--86
\OT1/ptm/m/n/11 de FASTQC, don-de se ob-serv[]o que la mues-tra
 []


Underfull \hbox (badness 10000) in paragraph at lines 84--86
\OT1/ptm/m/n/11 es-ta-ba con-ta-mi-na-da por el adap-ta-dor "nex-te-ra
 []


Underfull \hbox (badness 10000) in paragraph at lines 84--86
\OT1/ptm/m/n/11 trans-po-sa-se sequence[] un ta-ma[]no to-tal de
 []


Underfull \hbox (badness 10000) in paragraph at lines 84--86
\OT1/ptm/m/n/11 1,024,419 se-cuen-cias. Por lo que el si-guien-te
 []


Underfull \hbox (badness 3735) in paragraph at lines 84--86
\OT1/ptm/m/n/11 pa-so fue eli-mi-nar las se-cuen-cias de adap-ta-do-res,
 []


Underfull \hbox (badness 5924) in paragraph at lines 84--86
\OT1/ptm/m/n/11 otros adap-ta-do-res y se-cuen-cias de ba-ja ca-li-dad.
 []


Underfull \hbox (badness 10000) in paragraph at lines 84--86

 []


Underfull \hbox (badness 10000) in paragraph at lines 101--102
\OT1/ptm/m/n/11 que se hab[]an eli-mi-na-do los adap-ta-do-res y
 []


Underfull \hbox (badness 10000) in paragraph at lines 101--102
\OT1/ptm/m/n/11 que un 74.802107$ $% de las se-cuen-cias hab[]an
 []


Underfull \hbox (badness 5147) in paragraph at lines 101--102
\OT1/ptm/m/n/11 pa-sa-do el fil-tra-do de ca-li-dad, es de-cir 766,287
 []


Underfull \hbox (badness 10000) in paragraph at lines 101--102

 []

LaTeX Font Info:    Trying to load font information for OMS+ptm on input line 1
08.
(C:\Users\alexc\AppData\Local\Programs\MiKTeX\tex/latex/psnfss\omsptm.fd
File: omsptm.fd 
)
LaTeX Font Info:    Font shape `OMS/ptm/m/n' in size <9> not available
(Font)              Font shape `OMS/cmsy/m/n' tried instead on input line 108.

Underfull \hbox (badness 10000) in paragraph at lines 124--126
[]\OT1/ptm/m/n/11 Se ob-tie-ne el mis-mo re-sul-ta-
 []


Underfull \hbox (badness 10000) in paragraph at lines 124--126
\OT1/ptm/m/n/11 do con el ar-chi-vo fil-tra-do[]2.fastq
 []


Underfull \hbox (badness 10000) in paragraph at lines 124--126

 []

LaTeX Font Info:    Trying to load font information for OML+ptm on input line 1
41.
(C:\Users\alexc\AppData\Local\Programs\MiKTeX\tex/latex/psnfss\omlptm.fd
File: omlptm.fd 
)
LaTeX Font Info:    Font shape `OML/ptm/m/n' in size <9> not available
(Font)              Font shape `OML/cmm/m/it' tried instead on input line 141.

Underfull \hbox (badness 10000) in paragraph at lines 144--145
[]\OT1/ptm/m/n/11 Obteniendo el ar-chi-vo de ma-peo
 []


Underfull \hbox (badness 2134) in paragraph at lines 144--145
\OML/cmm/m/it/10.95 filtradovsPsea:sam$ \OT1/ptm/m/n/11 al cual se le eli-mi-na
-ran las
 []


Underfull \hbox (badness 10000) in paragraph at lines 151--153
[]\OT1/ptm/m/n/11 Obteniendo fi-nal-men-te el ar-chi-
 []


Underfull \hbox (badness 10000) in paragraph at lines 151--153
\OT1/ptm/m/n/11 vo $\OML/cmm/m/it/10.95 filtradovsREF[]reducido:sam$
 []


Underfull \hbox (badness 10000) in paragraph at lines 151--153

 []

[2]
(C:\Users\alexc\AppData\Local\Programs\MiKTeX\tex/latex/listings\lstlang1.sty
File: lstlang1.sty 2020/03/24 1.8d listings language file
)
Underfull \hbox (badness 10000) in paragraph at lines 177--179
[]$\OT1/ptm/m/n/11 http : / / archive . sysbio . harvard . edu / CSB / resource
s /
 []

[3]
Underfull \hbox (badness 10000) in paragraph at lines 236--237

 []


Package hyperref Warning: Difference (2) between bookmark levels is greater 
(hyperref)                than one, level fixed on input line 238.


Underfull \hbox (badness 3895) in paragraph at lines 248--249
\OT1/ptm/m/n/11 ar-chi-vos de 579.899 MB ca-da uno de-no-mi-na-dos
 []


Underfull \hbox (badness 6157) in paragraph at lines 248--249
\OT1/ptm/m/n/11 SRR17084738[]1 y SRR17084738[]2 , los cua-les
 []


Underfull \hbox (badness 10000) in paragraph at lines 248--249

 []

<Imagenes/fastqc_original_1_2.png, id=161, 873.2625pt x 602.25pt>
File: Imagenes/fastqc_original_1_2.png Graphic file (type png)
<use Imagenes/fastqc_original_1_2.png>
Package pdftex.def Info: Imagenes/fastqc_original_1_2.png  used on input line 2
54.
(pdftex.def)             Requested size: 199.16928pt x 137.35669pt.

Underfull \hbox (badness 5133) in paragraph at lines 251--256
 []\OT1/ptm/m/it/11 2. Con-trol de ca-li-dad: [][][] \OT1/ptm/m/n/11 Los re-sul
-ta-dos del
 []

<Imagenes/fastqc_original_1_1.png, id=162, 843.15pt x 602.25pt>
File: Imagenes/fastqc_original_1_1.png Graphic file (type png)
<use Imagenes/fastqc_original_1_1.png>
Package pdftex.def Info: Imagenes/fastqc_original_1_1.png  used on input line 2
59.
(pdftex.def)             Requested size: 199.16928pt x 142.26393pt.

Underfull \vbox (badness 10000) has occurred while \output is active []

<Imagenes/fastqc_2_1.png, id=163, 873.2625pt x 602.25pt>
File: Imagenes/fastqc_2_1.png Graphic file (type png)
<use Imagenes/fastqc_2_1.png>
Package pdftex.def Info: Imagenes/fastqc_2_1.png  used on input line 265.
(pdftex.def)             Requested size: 199.16928pt x 137.35669pt.
<Imagenes/fastqc_2_2.png, id=164, 843.15pt x 602.25pt>
File: Imagenes/fastqc_2_2.png Graphic file (type png)
<use Imagenes/fastqc_2_2.png>
Package pdftex.def Info: Imagenes/fastqc_2_2.png  used on input line 270.
(pdftex.def)             Requested size: 199.16928pt x 142.26393pt.

Underfull \hbox (badness 10000) in paragraph at lines 283--284
[]\OT1/ptm/m/n/11 Tambi[]en el FastQC arroj[]o que la mues-tra
 []


Underfull \hbox (badness 10000) in paragraph at lines 283--284
\OT1/ptm/m/n/11 es-ta-ba con-ta-mi-na-da con el adap-ta-dor "nex-te-ra
 []


Underfull \hbox (badness 10000) in paragraph at lines 283--284
\OT1/ptm/m/n/11 trans-po-sa-se se-quen-ce", por lo que el si-guien-te
 []


Underfull \hbox (badness 10000) in paragraph at lines 283--284
\OT1/ptm/m/n/11 pa-so fue rea-li-zar un fil-tra-do de se-cuen-cias
 []


Underfull \hbox (badness 10000) in paragraph at lines 283--284

 []

<im_filtrado/2_2.png, id=165, 873.2625pt x 602.25pt>
File: im_filtrado/2_2.png Graphic file (type png)
<use im_filtrado/2_2.png>
Package pdftex.def Info: im_filtrado/2_2.png  used on input line 291.
(pdftex.def)             Requested size: 199.16928pt x 137.35669pt.
[4pdfTeX warning (ext4): destination with the same identifier (name{figure.1}) 
has been already used, duplicate ignored
<argument> ...shipout:D \box_use:N \l_shipout_box 
                                                  \__shipout_drop_firstpage_...
l.293 \end{figure}
                  pdfTeX warning (ext4): destination with the same identifier (
name{figure.2}) has been already used, duplicate ignored
<argument> ...shipout:D \box_use:N \l_shipout_box 
                                                  \__shipout_drop_firstpage_...
l.293 \end{figure}
                  pdfTeX warning (ext4): destination with the same identifier (
name{figure.3}) has been already used, duplicate ignored
<argument> ...shipout:D \box_use:N \l_shipout_box 
                                                  \__shipout_drop_firstpage_...
l.293 \end{figure}
                  pdfTeX warning (ext4): destination with the same identifier (
name{figure.4}) has been already used, duplicate ignored
<argument> ...shipout:D \box_use:N \l_shipout_box 
                                                  \__shipout_drop_firstpage_...
l.293 \end{figure}
                   <./Imagenes/fastqc_original_1_2.png (PNG copy)> <./Imagenes/
fastqc_original_1_1.png (PNG copy)> <./Imagenes/fastqc_2_1.png (PNG copy)> <./I
magenes/fastqc_2_2.png (PNG copy)>]
<im_filtrado/1_1.png, id=174, 843.15pt x 602.25pt>
File: im_filtrado/1_1.png Graphic file (type png)
<use im_filtrado/1_1.png>
Package pdftex.def Info: im_filtrado/1_1.png  used on input line 296.
(pdftex.def)             Requested size: 199.16928pt x 142.26393pt.
<im_filtrado/3_1.png, id=175, 873.2625pt x 602.25pt>
File: im_filtrado/3_1.png Graphic file (type png)
<use im_filtrado/3_1.png>
Package pdftex.def Info: im_filtrado/3_1.png  used on input line 301.
(pdftex.def)             Requested size: 199.16928pt x 137.35669pt.
<im_filtrado/3_2.png, id=176, 843.15pt x 602.25pt>
File: im_filtrado/3_2.png Graphic file (type png)
<use im_filtrado/3_2.png>
Package pdftex.def Info: im_filtrado/3_2.png  used on input line 306.
(pdftex.def)             Requested size: 199.16928pt x 142.26393pt.

Underfull \vbox (badness 10000) has occurred while \output is active []

<imagenes/cobertura.png, id=177, 721.19438pt x 85.82062pt>
File: imagenes/cobertura.png Graphic file (type png)
<use imagenes/cobertura.png>
Package pdftex.def Info: imagenes/cobertura.png  used on input line 316.
(pdftex.def)             Requested size: 256.0748pt x 30.47241pt.

Overfull \hbox (4.0748pt too wide) in paragraph at lines 316--317
 [][] 
 []


Underfull \hbox (badness 10000) in paragraph at lines 319--320
[]\OT1/ptm/m/n/11 Dando co-mo re-sul-ta-do el va-
 []


Underfull \hbox (badness 10000) in paragraph at lines 319--320
\OT1/ptm/m/n/11 lor de $\OT1/cmr/m/n/10.95 4533868$ \OT1/ptm/m/n/11 pa-ra la co
-ber-tu-ra
 []


Underfull \hbox (badness 10000) in paragraph at lines 319--320

 []

<imagenes/mapeoreducido.png, id=179, 813.0375pt x 456.95718pt>
File: imagenes/mapeoreducido.png Graphic file (type png)
<use imagenes/mapeoreducido.png>
Package pdftex.def Info: imagenes/mapeoreducido.png  used on input line 326.
(pdftex.def)             Requested size: 256.0748pt x 143.92134pt.

Overfull \hbox (4.0748pt too wide) in paragraph at lines 326--327
 [][] 
 []

[5pdfTeX warning (ext4): destination with the same identifier (name{figure.5}) 
has been already used, duplicate ignored
<argument> ...shipout:D \box_use:N \l_shipout_box 
                                                  \__shipout_drop_firstpage_...
l.364 
      pdfTeX warning (ext4): destination with the same identifier (name{figure.
6}) has been already used, duplicate ignored
<argument> ...shipout:D \box_use:N \l_shipout_box 
                                                  \__shipout_drop_firstpage_...
l.364 
      pdfTeX warning (ext4): destination with the same identifier (name{figure.
7}) has been already used, duplicate ignored
<argument> ...shipout:D \box_use:N \l_shipout_box 
                                                  \__shipout_drop_firstpage_...
l.364 
      pdfTeX warning (ext4): destination with the same identifier (name{figure.
8}) has been already used, duplicate ignored
<argument> ...shipout:D \box_use:N \l_shipout_box 
                                                  \__shipout_drop_firstpage_...
l.364 
      pdfTeX warning (ext4): destination with the same identifier (name{figure.
9}) has been already used, duplicate ignored
<argument> ...shipout:D \box_use:N \l_shipout_box 
                                                  \__shipout_drop_firstpage_...
l.364 
      pdfTeX warning (ext4): destination with the same identifier (name{figure.
10}) has been already used, duplicate ignored
<argument> ...shipout:D \box_use:N \l_shipout_box 
                                                  \__shipout_drop_firstpage_...
l.364 
       <./im_filtrado/2_2.png (PNG copy)> <./im_filtrado/1_1.png (PNG copy)> <.
/im_filtrado/3_1.png (PNG copy)> <./im_filtrado/3_2.png (PNG copy)> <./imagenes
/cobertura.png> <./imagenes/mapeoreducido.png>]
<imagenes/mapeosin.png, id=192, 1084.05pt x 639.89063pt>
File: imagenes/mapeosin.png Graphic file (type png)
<use imagenes/mapeosin.png>
Package pdftex.def Info: imagenes/mapeosin.png  used on input line 367.
(pdftex.def)             Requested size: 256.0748pt x 151.15543pt.

Overfull \hbox (4.0748pt too wide) in paragraph at lines 367--368
 [][] 
 []


Underfull \vbox (badness 10000) has occurred while \output is active []

<imagenes/mapeocon.png, id=193, 1019.30812pt x 639.89063pt>
File: imagenes/mapeocon.png Graphic file (type png)
<use imagenes/mapeocon.png>
Package pdftex.def Info: imagenes/mapeocon.png  used on input line 435.
(pdftex.def)             Requested size: 256.0748pt x 160.75337pt.

Overfull \hbox (4.0748pt too wide) in paragraph at lines 435--436
 [][] 
 []


Underfull \vbox (badness 10000) has occurred while \output is active []

 [6pdfTeX warning (ext4): destination with the same identifier (name{table.1}) 
has been already used, duplicate ignored
<argument> ...shipout:D \box_use:N \l_shipout_box 
                                                  \__shipout_drop_firstpage_...
l.438 
      pdfTeX warning (ext4): destination with the same identifier (name{figure.
11}) has been already used, duplicate ignored
<argument> ...shipout:D \box_use:N \l_shipout_box 
                                                  \__shipout_drop_firstpage_...
l.438 
      pdfTeX warning (ext4): destination with the same identifier (name{table.2
}) has been already used, duplicate ignored
<argument> ...shipout:D \box_use:N \l_shipout_box 
                                                  \__shipout_drop_firstpage_...
l.438 
       <./imagenes/mapeosin.png>]
<imagenes/agugustus.png, id=202, 1218.80344pt x 355.3275pt>
File: imagenes/agugustus.png Graphic file (type png)
<use imagenes/agugustus.png>
Package pdftex.def Info: imagenes/agugustus.png  used on input line 447.
(pdftex.def)             Requested size: 256.0748pt x 74.6535pt.

Overfull \hbox (4.0748pt too wide) in paragraph at lines 447--448
 [][] 
 []


Overfull \hbox (1.04004pt too wide) in paragraph at lines 463--463
[]\OT1/ptm/m/n/9 Nombre
 []


Overfull \hbox (4.55005pt too wide) in paragraph at lines 463--463
[]\OT1/ptm/m/n/9 Longitud| 
 []


Overfull \hbox (14.57854pt too wide) in paragraph at lines 463--463
[]$ $\OT1/ptm/m/n/9 %Identidad| 
 []


Underfull \hbox (badness 10000) in paragraph at lines 465--465
[]\OT1/ptm/m/n/9 3-deoxy-8-
 []


Underfull \hbox (badness 10000) in paragraph at lines 465--465
\OT1/ptm/m/n/9 phosphooctulonate
 []


Overfull \hbox (0.83588pt too wide) in paragraph at lines 467--467
[]\OT1/ptm/m/n/9 99.84$ $%| 
 []


Underfull \hbox (badness 1960) in paragraph at lines 469--469
\OT1/ptm/m/n/9 nium me-ta-bo-lism pro-tein
 []


Underfull \hbox (badness 10000) in paragraph at lines 470--470
[]\OT1/ptm/m/n/9 selenium me-ta-bo-lism
 []


Underfull \hbox (badness 10000) in paragraph at lines 470--470
\OT1/ptm/m/n/9 mem-bra-ne pro-tein
 []


Overfull \hbox (0.83588pt too wide) in paragraph at lines 470--470
[]\OT1/ptm/m/n/9 99.75$ $%| 
 []


Underfull \hbox (badness 10000) in paragraph at lines 471--471
[]\OT1/ptm/m/n/9 glutathione-dependent
 []


Underfull \hbox (badness 10000) in paragraph at lines 471--471
\OT1/ptm/m/n/9 for-mal-dehy-de
 []


Underfull \hbox (badness 10000) in paragraph at lines 472--472
[]\OT1/ptm/m/n/9 S-
 []


Overfull \hbox (1.81752pt too wide) in paragraph at lines 472--472
\OT1/ptm/m/n/9 (hydroxymethyl)glutathione
 []


Underfull \hbox (badness 10000) in paragraph at lines 472--472
\OT1/ptm/m/n/9 dehy-dro-ge-na-se/-class III
 []


Underfull \hbox (badness 10000) in paragraph at lines 474--474
[]\OT1/ptm/m/n/9 2-C-methyl-D-erythritol
 []


Underfull \hbox (badness 10000) in paragraph at lines 474--474
\OT1/ptm/m/n/9 2,4-cyclodiphosphate
 []


Underfull \hbox (badness 10000) in paragraph at lines 475--475
[]\OT1/ptm/m/n/9 tRNA pseu-do-uri-di-ne(13)
 []


Underfull \hbox (badness 10000) in paragraph at lines 479--479
[]\OT1/ptm/m/n/9 peptidoglycan DD-
 []


Underfull \hbox (badness 10000) in paragraph at lines 479--479
\OT1/ptm/m/n/9 metalloendopeptidase
 []


Underfull \hbox (badness 7944) in paragraph at lines 480--480
[]\OT1/ptm/m/n/9 RNA poly-me-ra-se sig-ma
 []


Underfull \hbox (badness 10000) in paragraph at lines 486--486
[]\OT1/ptm/m/n/9 recombination re-gu-la-tor
 []


Underfull \hbox (badness 10000) in paragraph at lines 488--488
[]\OT1/ptm/m/n/9 MBL fold metallo-
 []


Underfull \hbox (badness 7308) in paragraph at lines 489--489
[]\OT1/ptm/m/n/9 xylulose 5-phosphate 3-
 []


Underfull \vbox (badness 6252) has occurred while \output is active []

<imagenes/species_distribution.png, id=203, 925.4575pt x 401.5pt>
File: imagenes/species_distribution.png Graphic file (type png)
<use imagenes/species_distribution.png>
Package pdftex.def Info: imagenes/species_distribution.png  used on input line 
497.
(pdftex.def)             Requested size: 256.0748pt x 111.09593pt.

Overfull \hbox (4.0748pt too wide) in paragraph at lines 497--498
 [][] 
 []


Underfull \vbox (badness 10000) has occurred while \output is active []

 [7pdfTeX warning (ext4): destination with the same identifier (name{figure.12}
) has been already used, duplicate ignored
<argument> ...shipout:D \box_use:N \l_shipout_box 
                                                  \__shipout_drop_firstpage_...
l.500 
      pdfTeX warning (ext4): destination with the same identifier (name{figure.
13}) has been already used, duplicate ignored
<argument> ...shipout:D \box_use:N \l_shipout_box 
                                                  \__shipout_drop_firstpage_...
l.500 
      pdfTeX warning (ext4): destination with the same identifier (name{table.3
}) has been already used, duplicate ignored
<argument> ...shipout:D \box_use:N \l_shipout_box 
                                                  \__shipout_drop_firstpage_...
l.500 
       <./imagenes/mapeocon.png> <./imagenes/agugustus.png>]
<imagenes/tag_distribution.png, id=216, 925.4575pt x 401.5pt>
File: imagenes/tag_distribution.png Graphic file (type png)
<use imagenes/tag_distribution.png>
Package pdftex.def Info: imagenes/tag_distribution.png  used on input line 503.

(pdftex.def)             Requested size: 256.0748pt x 111.09593pt.

Overfull \hbox (4.0748pt too wide) in paragraph at lines 503--504
 [][] 
 []

[8pdfTeX warning (ext4): destination with the same identifier (name{figure.14})
 has been already used, duplicate ignored
<argument> ...shipout:D \box_use:N \l_shipout_box 
                                                  \__shipout_drop_firstpage_...
l.525 \item B
             LAST : Basic Local Alignment Search Tool (BLAST) es una herrami...
pdfTeX warning (ext4): destination with the same identifier (name{figure.15}) h
as been already used, duplicate ignored
<argument> ...shipout:D \box_use:N \l_shipout_box 
                                                  \__shipout_drop_firstpage_...
l.525 \item B
             LAST : Basic Local Alignment Search Tool (BLAST) es una herrami...
 <./imagenes/species_distribution.png> <./imagenes/tag_distribution.png>]
[9pdfTeX warning (ext4): destination with the same identifier (name{cite.IEEEho
wto:kopka}) has been already used, duplicate ignored
<argument> ...shipout:D \box_use:N \l_shipout_box 
                                                  \__shipout_drop_firstpage_...
l.557 \end{document}
                    pdfTeX warning (ext4): destination with the same identifier
 (name{cite.IEEEhowto:kopka}) has been already used, duplicate ignored
<argument> ...shipout:D \box_use:N \l_shipout_box 
                                                  \__shipout_drop_firstpage_...
l.557 \end{document}
                    pdfTeX warning (ext4): destination with the same identifier
 (name{cite.IEEEhowto:kopka}) has been already used, duplicate ignored
<argument> ...shipout:D \box_use:N \l_shipout_box 
                                                  \__shipout_drop_firstpage_...
l.557 \end{document}
                    pdfTeX warning (ext4): destination with the same identifier
 (name{cite.IEEEhowto:kopka}) has been already used, duplicate ignored
<argument> ...shipout:D \box_use:N \l_shipout_box 
                                                  \__shipout_drop_firstpage_...
l.557 \end{document}
                    pdfTeX warning (ext4): destination with the same identifier
 (name{cite.IEEEhowto:kopka}) has been already used, duplicate ignored
<argument> ...shipout:D \box_use:N \l_shipout_box 
                                                  \__shipout_drop_firstpage_...
l.557 \end{document}
                    pdfTeX warning (ext4): destination with the same identifier
 (name{cite.IEEEhowto:kopka}) has been already used, duplicate ignored
<argument> ...shipout:D \box_use:N \l_shipout_box 
                                                  \__shipout_drop_firstpage_...
l.557 \end{document}
                    

]
(C:\Users\alexc\Desktop\ProyectoBioinfo\LaTeX\build\bare_jrnl.aux
LaTeX Info: Redefining \. on input line 25.
LaTeX Info: Redefining \% on input line 25.
)

LaTeX Warning: There were multiply-defined labels.

Package rerunfilecheck Info: File `bare_jrnl.out' has not changed.
(rerunfilecheck)             Checksum: DBAFDBDF90945E50EEB267D142C5B597;3446.
 ) 
Here is how much of TeX's memory you used:
 13330 strings out of 478927
 201673 string characters out of 2852535
 1108830 words of memory out of 3000000
 30886 multiletter control sequences out of 15000+600000
 455464 words of font info for 125 fonts, out of 8000000 for 9000
 1141 hyphenation exceptions out of 8191
 60i,11n,66p,1411b,1530s stack positions out of 5000i,500n,10000p,200000b,80000s
{C:/Users/alexc/AppData/Local/Programs/MiKTeX/fonts/enc/dvips/base/8r.enc}<C:
/Users/alexc/AppData/Local/Programs/MiKTeX/fonts/type1/public/amsfonts/cm/cmmi1
0.pfb><C:/Users/alexc/AppData/Local/Programs/MiKTeX/fonts/type1/public/amsfonts
/cm/cmmi9.pfb><C:/Users/alexc/AppData/Local/Programs/MiKTeX/fonts/type1/public/
amsfonts/cm/cmr10.pfb><C:/Users/alexc/AppData/Local/Programs/MiKTeX/fonts/type1
/public/amsfonts/cm/cmsy10.pfb><C:/Users/alexc/AppData/Local/Programs/MiKTeX/fo
nts/type1/public/amsfonts/cm/cmsy9.pfb><C:/Users/alexc/AppData/Local/Programs/M
iKTeX/fonts/type1/urw/times/utmb8a.pfb><C:/Users/alexc/AppData/Local/Programs/M
iKTeX/fonts/type1/urw/times/utmbi8a.pfb><C:/Users/alexc/AppData/Local/Programs/
MiKTeX/fonts/type1/urw/times/utmr8a.pfb><C:/Users/alexc/AppData/Local/Programs/
MiKTeX/fonts/type1/urw/times/utmri8a.pfb>
Output written on C:\Users\alexc\Desktop\ProyectoBioinfo\LaTeX\build\bare_jrnl.
pdf (9 pages, 958865 bytes).
PDF statistics:
 303 PDF objects out of 1000 (max. 8388607)
 92 named destinations out of 1000 (max. 500000)
 244 words of extra memory for PDF output out of 10000 (max. 10000000)

