\BOOKMARK [1][-]{section.1}{\376\377\000I\000n\000t\000r\000o\000d\000u\000c\000c\000i\000\363\000n}{}% 1
\BOOKMARK [2][-]{subsection.1.1}{\376\377\000E\000n\000s\000a\000m\000b\000l\000e\000\040\000d\000e\000\040\000g\000e\000n\000o\000m\000a\000s}{section.1}% 2
\BOOKMARK [1][-]{section.2}{\376\377\000M\000e\000t\000o\000d\000o\000l\000o\000g\000\355\000a}{}% 3
\BOOKMARK [2][-]{subsubsection.2.0.1}{\376\377\000D\000e\000s\000c\000a\000r\000g\000a\000\040\000d\000e\000\040\000s\000e\000c\000u\000e\000n\000c\000i\000a\000s\000\040\000d\000e\000l\000\040\000N\000C\000B\000I}{section.2}% 4
\BOOKMARK [3][-]{subsubsection.2.0.2}{\376\377\000C\000o\000n\000t\000r\000o\000l\000\040\000d\000e\000\040\000c\000a\000l\000i\000d\000a\000d}{subsubsection.2.0.1}% 5
\BOOKMARK [3][-]{subsubsection.2.0.3}{\376\377\000F\000i\000l\000t\000r\000a\000d\000o\000\040\000d\000e\000\040\000s\000e\000c\000u\000e\000n\000c\000i\000a\000s}{subsubsection.2.0.1}% 6
\BOOKMARK [3][-]{subsubsection.2.0.4}{\376\377\000C\000\341\000l\000c\000u\000l\000o\000\040\000d\000e\000\040\000c\000o\000b\000e\000r\000t\000u\000r\000a}{subsubsection.2.0.1}% 7
\BOOKMARK [3][-]{subsubsection.2.0.5}{\376\377\000M\000a\000p\000e\000o}{subsubsection.2.0.1}% 8
\BOOKMARK [3][-]{subsubsection.2.0.6}{\376\377\000E\000n\000s\000a\000m\000b\000l\000e\000\040\000d\000e\000\040\000g\000e\000n\000o\000m\000a\000s}{subsubsection.2.0.1}% 9
\BOOKMARK [3][-]{subsubsection.2.0.7}{\376\377\000A\000n\000o\000t\000a\000c\000i\000\363\000n}{subsubsection.2.0.1}% 10
\BOOKMARK [1][-]{section.3}{\376\377\000R\000e\000s\000u\000l\000t\000a\000d\000o\000s}{}% 11
\BOOKMARK [2][-]{subsubsection.3.0.1}{\376\377\000D\000e\000s\000c\000a\000r\000g\000a\000\040\000d\000e\000\040\000s\000e\000c\000u\000e\000n\000c\000i\000a\000s\000\040\000d\000e\000l\000\040\000N\000C\000B\000I}{section.3}% 12
\BOOKMARK [3][-]{subsubsection.3.0.2}{\376\377\000C\000o\000n\000t\000r\000o\000l\000\040\000d\000e\000\040\000c\000a\000l\000i\000d\000a\000d}{subsubsection.3.0.1}% 13
\BOOKMARK [3][-]{subsubsection.3.0.3}{\376\377\000F\000i\000l\000t\000r\000a\000d\000o\000\040\000d\000e\000\040\000s\000e\000c\000u\000e\000n\000c\000i\000a\000s}{subsubsection.3.0.1}% 14
\BOOKMARK [3][-]{subsubsection.3.0.4}{\376\377\000C\000\341\000l\000c\000u\000l\000o\000\040\000d\000e\000\040\000c\000o\000b\000e\000r\000t\000u\000r\000a}{subsubsection.3.0.1}% 15
\BOOKMARK [3][-]{subsubsection.3.0.5}{\376\377\000M\000a\000p\000e\000o}{subsubsection.3.0.1}% 16
\BOOKMARK [3][-]{subsubsection.3.0.6}{\376\377\000E\000n\000s\000a\000m\000b\000l\000e\000\040\000d\000e\000\040\000g\000e\000n\000o\000m\000a\000s}{subsubsection.3.0.1}% 17
\BOOKMARK [3][-]{subsubsection.3.0.7}{\376\377\000A\000n\000o\000t\000a\000c\000i\000\363\000n}{subsubsection.3.0.1}% 18
\BOOKMARK [1][-]{section.4}{\376\377\000D\000i\000s\000c\000u\000s\000i\000o\000n\000e\000s\000\040\000y\000\040\000c\000o\000n\000c\000l\000u\000s\000i\000o\000n\000e\000s}{}% 19
\BOOKMARK [1][-]{section*.1}{\376\377\000A\000p\000\351\000n\000d\000i\000c\000e\000\040\000A\000:\000\040\000D\000e\000s\000c\000r\000i\000p\000c\000i\000\363\000n\000\040\000d\000e\000\040\000h\000e\000r\000r\000a\000m\000i\000e\000n\000t\000a\000s\000\040\000b\000i\000o\000i\000n\000f\000o\000r\000m\000\341\000t\000i\000c\000a\000s\000\040\000u\000s\000a\000d\000a\000s\000.}{}% 20
\BOOKMARK [1][-]{section*.2}{\376\377\000R\000e\000f\000e\000r\000e\000n\000c\000i\000a\000s}{}% 21
