/app/anaconda3/bin/quast --split-scaffolds -t 1 scaffolds.fasta

Version: 5.0.2

System information:
  OS: Linux-3.10.0-1062.7.1.el7.x86_64-x86_64-with-centos-7.9.2009-Core (linux_64)
  Python version: 3.7.6
  CPUs number: 24

Started: 2021-12-05 17:01:06

Logging to /projects/avillicana/Proyecto_final/spades_Psea/quast_results/results_2021_12_05_17_01_06/quast.log

CWD: /projects/avillicana/Proyecto_final/spades_Psea
Main parameters: 
  MODE: default, threads: 1, split scaffolds: true, minimum contig length: 500, minimum alignment length: 65, \
  ambiguity: one, threshold for extensive misassembly size: 1000

Contigs:
  Pre-processing...
  scaffolds.fasta ==> scaffolds
    breaking scaffolds into contigs:
      55 scaffolds (scaffolds) were broken into 64 contigs (scaffolds_broken)

2021-12-05 17:01:14
Running Basic statistics processor...
  Contig files: 
    1  scaffolds
    2  scaffolds_broken
  Calculating N50 and L50...
    1  scaffolds, N50 = 303720, L50 = 7, Total length = 6419571, GC % = 66.39, # N's per 100 kbp =  14.02
    2  scaffolds_broken, N50 = 239845, L50 = 9, Total length = 6418671, GC % = 66.39, # N's per 100 kbp =  0.00
  Drawing Nx plot...
    saved to /projects/avillicana/Proyecto_final/spades_Psea/quast_results/results_2021_12_05_17_01_06/basic_stats/Nx_plot.pdf
  Drawing cumulative plot...
    saved to /projects/avillicana/Proyecto_final/spades_Psea/quast_results/results_2021_12_05_17_01_06/basic_stats/cumulative_plot.pdf
  Drawing GC content plot...
    saved to /projects/avillicana/Proyecto_final/spades_Psea/quast_results/results_2021_12_05_17_01_06/basic_stats/GC_content_plot.pdf
  Drawing scaffolds GC content plot...
    saved to /projects/avillicana/Proyecto_final/spades_Psea/quast_results/results_2021_12_05_17_01_06/basic_stats/scaffolds_GC_content_plot.pdf
  Drawing scaffolds_broken GC content plot...
    saved to /projects/avillicana/Proyecto_final/spades_Psea/quast_results/results_2021_12_05_17_01_06/basic_stats/scaffolds_broken_GC_content_plot.pdf
  Drawing Coverage histogram (bin size: 2x)...
    saved to /projects/avillicana/Proyecto_final/spades_Psea/quast_results/results_2021_12_05_17_01_06/basic_stats/coverage_histogram.pdf
  Drawing scaffolds coverage histogram (bin size: 2x)...
    saved to /projects/avillicana/Proyecto_final/spades_Psea/quast_results/results_2021_12_05_17_01_06/basic_stats/scaffolds_coverage_histogram.pdf
  Drawing scaffolds_broken coverage histogram (bin size: 2x)...
    saved to /projects/avillicana/Proyecto_final/spades_Psea/quast_results/results_2021_12_05_17_01_06/basic_stats/scaffolds_broken_coverage_histogram.pdf
Done.

NOTICE: Genes are not predicted by default. Use --gene-finding or --glimmer option to enable it.

2021-12-05 17:01:19
Creating large visual summaries...
This may take a while: press Ctrl-C to skip this step..
  1 of 2: Creating Icarus viewers...
  2 of 2: Creating PDF with all tables and plots...
Done

2021-12-05 17:01:21
RESULTS:
  Text versions of total report are saved to /projects/avillicana/Proyecto_final/spades_Psea/quast_results/results_2021_12_05_17_01_06/report.txt, report.tsv, and report.tex
  Text versions of transposed total report are saved to /projects/avillicana/Proyecto_final/spades_Psea/quast_results/results_2021_12_05_17_01_06/transposed_report.txt, transposed_report.tsv, and transposed_report.tex
  HTML version (interactive tables and plots) is saved to /projects/avillicana/Proyecto_final/spades_Psea/quast_results/results_2021_12_05_17_01_06/report.html
  PDF version (tables and plots) is saved to /projects/avillicana/Proyecto_final/spades_Psea/quast_results/results_2021_12_05_17_01_06/report.pdf
  Icarus (contig browser) is saved to /projects/avillicana/Proyecto_final/spades_Psea/quast_results/results_2021_12_05_17_01_06/icarus.html
  Log is saved to /projects/avillicana/Proyecto_final/spades_Psea/quast_results/results_2021_12_05_17_01_06/quast.log

Finished: 2021-12-05 17:01:21
Elapsed time: 0:00:14.851824
NOTICEs: 1; WARNINGs: 0; non-fatal ERRORs: 0

Thank you for using QUAST!
